c:\users\yjwoo\source\repos\directx\directx\project\client\x64\debug\client.pch
c:\users\yjwoo\source\repos\directx\directx\project\client\x64\debug\vc142.pdb
c:\users\yjwoo\source\repos\directx\directx\project\client\x64\debug\vc142.idb
c:\users\yjwoo\source\repos\directx\directx\project\client\x64\debug\pch.obj
c:\users\yjwoo\source\repos\directx\directx\project\client\x64\debug\sceneoutliner.obj
c:\users\yjwoo\source\repos\directx\directx\project\client\x64\debug\resourceui.obj
c:\users\yjwoo\source\repos\directx\directx\project\client\x64\debug\resinfoui.obj
c:\users\yjwoo\source\repos\directx\directx\project\client\x64\debug\paramui.obj
c:\users\yjwoo\source\repos\directx\directx\project\client\x64\debug\meshrenderui.obj
c:\users\yjwoo\source\repos\directx\directx\project\client\x64\debug\materialui.obj
c:\users\yjwoo\source\repos\directx\directx\project\client\x64\debug\main.obj
c:\users\yjwoo\source\repos\directx\directx\project\client\x64\debug\listui.obj
c:\users\yjwoo\source\repos\directx\directx\project\client\x64\debug\inspectorui.obj
c:\users\yjwoo\source\repos\directx\directx\project\client\x64\debug\imgui_widgets.obj
c:\users\yjwoo\source\repos\directx\directx\project\client\x64\debug\imgui_tables.obj
c:\users\yjwoo\source\repos\directx\directx\project\client\x64\debug\imgui_impl_win32.obj
c:\users\yjwoo\source\repos\directx\directx\project\client\x64\debug\imgui_impl_dx11.obj
c:\users\yjwoo\source\repos\directx\directx\project\client\x64\debug\imgui_draw.obj
c:\users\yjwoo\source\repos\directx\directx\project\client\x64\debug\imgui_demo.obj
c:\users\yjwoo\source\repos\directx\directx\project\client\x64\debug\imgui.obj
c:\users\yjwoo\source\repos\directx\directx\project\client\x64\debug\componentui.obj
c:\users\yjwoo\source\repos\directx\directx\project\client\x64\debug\cimguimgr.obj
c:\users\yjwoo\source\repos\directx\directx\project\client\x64\debug\cameraui.obj
c:\users\yjwoo\source\repos\directx\directx\project\client\x64\debug\ui.obj
c:\users\yjwoo\source\repos\directx\directx\project\client\x64\debug\treeui.obj
c:\users\yjwoo\source\repos\directx\directx\project\client\x64\debug\transformui.obj
c:\users\yjwoo\source\repos\directx\directx\project\client\x64\debug\textureui.obj
c:\users\yjwoo\source\repos\directx\directx\project\client\x64\debug\client.tlog\cl.command.1.tlog
c:\users\yjwoo\source\repos\directx\directx\project\client\x64\debug\client.tlog\cl.read.1.tlog
c:\users\yjwoo\source\repos\directx\directx\project\client\x64\debug\client.tlog\cl.write.1.tlog
