FXC : warning X4717: Effects deprecated for D3DCompiler_47
  
  //
  // FX Version: fx_5_0
  //
  // 1 local buffer(s)
  //
  cbuffer POSITION : register(b0)
  {
      float4  g_Pos;                      // Offset:    0, size:   16
  }
  
  CMesh.cpp
  Engine.vcxproj -> C:\Users\yjwoo\source\repos\DirectX\DirectX\External\Library\Engine\Engine_debug.lib
  .\Project\Engine\Engine\CConstBuffer.h
  .\Project\Engine\Engine\CCore.h
  .\Project\Engine\Engine\CDevice.h
  .\Project\Engine\Engine\CEntity.h
  .\Project\Engine\Engine\CGraphicsShader.h
  .\Project\Engine\Engine\CKeyMgr.h
  .\Project\Engine\Engine\CMesh.h
  .\Project\Engine\Engine\CPathMgr.h
  .\Project\Engine\Engine\CRes.h
  .\Project\Engine\Engine\CShader.h
  .\Project\Engine\Engine\CTimeMgr.h
  .\Project\Engine\Engine\define.h
  .\Project\Engine\Engine\global.h
  .\Project\Engine\Engine\SimpleMath.h
  .\Project\Engine\Engine\struct.h
  .\Project\Engine\Engine\Temp.h
  16개 파일이 복사되었습니다.
  .\Project\Engine\Engine\test.fx
  1개 파일이 복사되었습니다.
