c:\users\yjwoo\source\repos\directx\directx\external\library\engine\engine_debug.pdb
c:\users\yjwoo\source\repos\directx\directx\external\library\engine\engine_debug.idb
c:\users\yjwoo\source\repos\directx\directx\project\engine\engine\x64\debug\engine.obj
c:\users\yjwoo\source\repos\directx\directx\project\engine\engine\x64\debug\ctimemgr.obj
c:\users\yjwoo\source\repos\directx\directx\project\engine\engine\x64\debug\cpathmgr.obj
c:\users\yjwoo\source\repos\directx\directx\project\engine\engine\x64\debug\ckeymgr.obj
c:\users\yjwoo\source\repos\directx\directx\project\engine\engine\x64\debug\cdevice.obj
c:\users\yjwoo\source\repos\directx\directx\project\engine\engine\x64\debug\ccore.obj
c:\users\yjwoo\source\repos\directx\directx\project\engine\engine\x64\debug\temp.obj
c:\users\yjwoo\source\repos\directx\directx\project\engine\engine\x64\debug\cshader.obj
c:\users\yjwoo\source\repos\directx\directx\project\engine\engine\x64\debug\cres.obj
c:\users\yjwoo\source\repos\directx\directx\project\engine\engine\x64\debug\cgraphicsshader.obj
c:\users\yjwoo\source\repos\directx\directx\project\engine\engine\x64\debug\centity.obj
c:\users\yjwoo\source\repos\directx\directx\project\engine\engine\x64\debug\cmesh.obj
c:\users\yjwoo\source\repos\directx\directx\project\engine\engine\x64\debug\cconstbuffer.obj
c:\users\yjwoo\source\repos\directx\directx\project\engine\engine\x64\debug\cresmgr_init.obj
c:\users\yjwoo\source\repos\directx\directx\project\engine\engine\x64\debug\cresmgr.obj
c:\users\yjwoo\source\repos\directx\directx\project\engine\engine\x64\debug\ctransform.obj
c:\users\yjwoo\source\repos\directx\directx\project\engine\engine\x64\debug\cmeshrender.obj
c:\users\yjwoo\source\repos\directx\directx\project\engine\engine\x64\debug\cgameobject.obj
c:\users\yjwoo\source\repos\directx\directx\project\engine\engine\x64\debug\ccomponent.obj
c:\users\yjwoo\source\repos\directx\directx\project\engine\engine\x64\debug\cscript.obj
c:\users\yjwoo\source\repos\directx\directx\project\engine\engine\x64\debug\cscenemgr.obj
c:\users\yjwoo\source\repos\directx\directx\project\engine\engine\x64\debug\cplayerscript.obj
c:\users\yjwoo\source\repos\directx\directx\project\engine\engine\x64\debug\cscene.obj
c:\users\yjwoo\source\repos\directx\directx\project\engine\engine\x64\debug\clayer.obj
c:\users\yjwoo\source\repos\directx\directx\project\engine\engine\x64\debug\ccameramovescript.obj
c:\users\yjwoo\source\repos\directx\directx\project\engine\engine\x64\debug\ccamera.obj
c:\users\yjwoo\source\repos\directx\directx\project\engine\engine\x64\debug\extern.obj
c:\users\yjwoo\source\repos\directx\directx\project\engine\engine\x64\debug\cmaterial.obj
c:\users\yjwoo\source\repos\directx\directx\project\engine\engine\x64\debug\ctexture.obj
c:\users\yjwoo\source\repos\directx\directx\project\engine\engine\x64\debug\engine_debug.pch
c:\users\yjwoo\source\repos\directx\directx\project\engine\engine\x64\debug\pch.obj
c:\users\yjwoo\source\repos\directx\directx\project\engine\engine\x64\debug\ceventmgr.obj
c:\users\yjwoo\source\repos\directx\directx\external\library\engine\engine_debug.lib
c:\users\yjwoo\source\repos\directx\directx\project\engine\engine\x64\debug\engine.tlog\cl.command.1.tlog
c:\users\yjwoo\source\repos\directx\directx\project\engine\engine\x64\debug\engine.tlog\cl.read.1.tlog
c:\users\yjwoo\source\repos\directx\directx\project\engine\engine\x64\debug\engine.tlog\cl.write.1.tlog
c:\users\yjwoo\source\repos\directx\directx\project\engine\engine\x64\debug\engine.tlog\fxc.command.1.tlog
c:\users\yjwoo\source\repos\directx\directx\project\engine\engine\x64\debug\engine.tlog\fxc.read.1.tlog
c:\users\yjwoo\source\repos\directx\directx\project\engine\engine\x64\debug\engine.tlog\lib-link.read.1.tlog
c:\users\yjwoo\source\repos\directx\directx\project\engine\engine\x64\debug\engine.tlog\lib-link.write.1.tlog
c:\users\yjwoo\source\repos\directx\directx\project\engine\engine\x64\debug\engine.tlog\lib.command.1.tlog
